<?xml version="1.0" encoding="UTF-8"?>
<testng-results skipped="0" failed="0" ignored="0" total="0" passed="0">
  <reporter-output>
  </reporter-output>
  <suite name="cpsatchallenges2" duration-ms="18" started-at="2019-11-10T06:13:13Z" finished-at="2019-11-10T06:13:13Z">
    <groups>
    </groups>
    <test name="testngTest" duration-ms="18" started-at="2019-11-10T06:13:13Z" finished-at="2019-11-10T06:13:13Z">
    </test> <!-- testngTest -->
  </suite> <!-- cpsatchallenges2 -->
</testng-results>
